<?xml version="1.0" encoding="UTF-8"?>
<testsuite name="mk.ukim.finki.SILab2Test" tests="2" skipped="0" failures="0" errors="0" timestamp="2024-05-16T20:14:39" hostname="darios-laptop" time="0.01">
  <properties/>
  <testcase name="everyStatementTest()" classname="mk.ukim.finki.SILab2Test" time="0.007"/>
  <testcase name="everyBranchTest()" classname="mk.ukim.finki.SILab2Test" time="0.002"/>
  <system-out><![CDATA[]]></system-out>
  <system-err><![CDATA[]]></system-err>
</testsuite>
